  pch.cpp
  Event.cpp
  GlutWindow.cpp
c:\users\erico\files\engine\engine\awindow.h(17): warning C4244: 'argument': conversion from 'int' to 'float', possible loss of data
c:\users\erico\files\engine\engine\awindow.h(26): warning C4244: 'argument': conversion from 'int' to 'float', possible loss of data
c:\users\erico\files\engine\engine\input.h(46): error C7525: inline variables require at least '/std:c++17'
c:\users\erico\files\engine\engine\input.h(46): error C2864: 'Input::Mouse::Left': a static data member with an in-class initializer must have non-volatile const integral type or be specified as 'inline'
  c:\users\erico\files\engine\engine\input.h(46): note: type is 'Input::Button'
c:\users\erico\files\engine\engine\input.h(47): error C7525: inline variables require at least '/std:c++17'
c:\users\erico\files\engine\engine\input.h(47): error C2864: 'Input::Mouse::Right': a static data member with an in-class initializer must have non-volatile const integral type or be specified as 'inline'
  c:\users\erico\files\engine\engine\input.h(47): note: type is 'Input::Button'
c:\users\erico\files\engine\engine\input.h(48): error C7525: inline variables require at least '/std:c++17'
c:\users\erico\files\engine\engine\input.h(48): error C2864: 'Input::Mouse::Middle': a static data member with an in-class initializer must have non-volatile const integral type or be specified as 'inline'
  c:\users\erico\files\engine\engine\input.h(48): note: type is 'Input::Button'
c:\users\erico\files\engine\engine\input.h(50): error C7525: inline variables require at least '/std:c++17'
c:\users\erico\files\engine\engine\input.h(50): error C2864: 'Input::Mouse::PosX': a static data member with an in-class initializer must have non-volatile const integral type or be specified as 'inline'
  c:\users\erico\files\engine\engine\input.h(50): note: type is 'Input::Axis'
c:\users\erico\files\engine\engine\input.h(51): error C7525: inline variables require at least '/std:c++17'
c:\users\erico\files\engine\engine\input.h(51): error C2864: 'Input::Mouse::PosY': a static data member with an in-class initializer must have non-volatile const integral type or be specified as 'inline'
  c:\users\erico\files\engine\engine\input.h(51): note: type is 'Input::Axis'
c:\users\erico\files\engine\engine\mouseevent.h(17): error C7525: inline variables require at least '/std:c++17'
c:\users\erico\files\engine\engine\mouseevent.h(17): error C2864: 'MouseEvent::MOUSE_PRESSED': a static data member with an in-class initializer must have non-volatile const integral type or be specified as 'inline'
  c:\users\erico\files\engine\engine\mouseevent.h(17): note: type is 'std::string'
c:\users\erico\files\engine\engine\mouseevent.h(18): error C7525: inline variables require at least '/std:c++17'
c:\users\erico\files\engine\engine\mouseevent.h(18): error C2864: 'MouseEvent::MOUSE_MOVED': a static data member with an in-class initializer must have non-volatile const integral type or be specified as 'inline'
  c:\users\erico\files\engine\engine\mouseevent.h(18): note: type is 'std::string'
c:\users\erico\files\engine\engine\mouseadapter.h(15): error C7525: inline variables require at least '/std:c++17'
c:\users\erico\files\engine\engine\mouseadapter.h(15): error C2864: 'MouseAdapter::MOUSE_PRESSED': a static data member with an in-class initializer must have non-volatile const integral type or be specified as 'inline'
  c:\users\erico\files\engine\engine\mouseadapter.h(15): note: type is 'std::string'
c:\users\erico\files\engine\engine\mouseadapter.h(16): error C7525: inline variables require at least '/std:c++17'
c:\users\erico\files\engine\engine\mouseadapter.h(16): error C2864: 'MouseAdapter::MOUSE_MOVED': a static data member with an in-class initializer must have non-volatile const integral type or be specified as 'inline'
  c:\users\erico\files\engine\engine\mouseadapter.h(16): note: type is 'std::string'
c:\users\erico\files\engine\engine\mouseadapter.h(60): error C7525: inline variables require at least '/std:c++17'
c:\users\erico\files\engine\engine\mouseadapter.h(60): error C2864: 'MouseAdapter::_mouse': a static data member with an in-class initializer must have non-volatile const integral type or be specified as 'inline'
  c:\users\erico\files\engine\engine\mouseadapter.h(60): note: type is 'MouseEvent *'
  IRotatable2D.cpp
  IRotatable3D.cpp
  ITransformable2D.cpp
  ITransformable3D.cpp
  ITranslatable2D.cpp
  ITranslatable3D.cpp
  List.cpp
  Main.cpp
c:\users\erico\files\engine\engine\awindow.h(17): warning C4244: 'argument': conversion from 'int' to 'float', possible loss of data
c:\users\erico\files\engine\engine\awindow.h(26): warning C4244: 'argument': conversion from 'int' to 'float', possible loss of data
c:\users\erico\files\engine\engine\input.h(46): error C7525: inline variables require at least '/std:c++17'
c:\users\erico\files\engine\engine\input.h(46): error C2864: 'Input::Mouse::Left': a static data member with an in-class initializer must have non-volatile const integral type or be specified as 'inline'
  c:\users\erico\files\engine\engine\input.h(46): note: type is 'Input::Button'
c:\users\erico\files\engine\engine\input.h(47): error C7525: inline variables require at least '/std:c++17'
c:\users\erico\files\engine\engine\input.h(47): error C2864: 'Input::Mouse::Right': a static data member with an in-class initializer must have non-volatile const integral type or be specified as 'inline'
  c:\users\erico\files\engine\engine\input.h(47): note: type is 'Input::Button'
c:\users\erico\files\engine\engine\input.h(48): error C7525: inline variables require at least '/std:c++17'
c:\users\erico\files\engine\engine\input.h(48): error C2864: 'Input::Mouse::Middle': a static data member with an in-class initializer must have non-volatile const integral type or be specified as 'inline'
  c:\users\erico\files\engine\engine\input.h(48): note: type is 'Input::Button'
c:\users\erico\files\engine\engine\input.h(50): error C7525: inline variables require at least '/std:c++17'
c:\users\erico\files\engine\engine\input.h(50): error C2864: 'Input::Mouse::PosX': a static data member with an in-class initializer must have non-volatile const integral type or be specified as 'inline'
  c:\users\erico\files\engine\engine\input.h(50): note: type is 'Input::Axis'
c:\users\erico\files\engine\engine\input.h(51): error C7525: inline variables require at least '/std:c++17'
c:\users\erico\files\engine\engine\input.h(51): error C2864: 'Input::Mouse::PosY': a static data member with an in-class initializer must have non-volatile const integral type or be specified as 'inline'
  c:\users\erico\files\engine\engine\input.h(51): note: type is 'Input::Axis'
c:\users\erico\files\engine\engine\mouseevent.h(17): error C7525: inline variables require at least '/std:c++17'
c:\users\erico\files\engine\engine\mouseevent.h(17): error C2864: 'MouseEvent::MOUSE_PRESSED': a static data member with an in-class initializer must have non-volatile const integral type or be specified as 'inline'
  c:\users\erico\files\engine\engine\mouseevent.h(17): note: type is 'std::string'
c:\users\erico\files\engine\engine\mouseevent.h(18): error C7525: inline variables require at least '/std:c++17'
c:\users\erico\files\engine\engine\mouseevent.h(18): error C2864: 'MouseEvent::MOUSE_MOVED': a static data member with an in-class initializer must have non-volatile const integral type or be specified as 'inline'
  c:\users\erico\files\engine\engine\mouseevent.h(18): note: type is 'std::string'
c:\users\erico\files\engine\engine\mouseadapter.h(15): error C7525: inline variables require at least '/std:c++17'
c:\users\erico\files\engine\engine\mouseadapter.h(15): error C2864: 'MouseAdapter::MOUSE_PRESSED': a static data member with an in-class initializer must have non-volatile const integral type or be specified as 'inline'
  c:\users\erico\files\engine\engine\mouseadapter.h(15): note: type is 'std::string'
c:\users\erico\files\engine\engine\mouseadapter.h(16): error C7525: inline variables require at least '/std:c++17'
c:\users\erico\files\engine\engine\mouseadapter.h(16): error C2864: 'MouseAdapter::MOUSE_MOVED': a static data member with an in-class initializer must have non-volatile const integral type or be specified as 'inline'
  c:\users\erico\files\engine\engine\mouseadapter.h(16): note: type is 'std::string'
c:\users\erico\files\engine\engine\mouseadapter.h(60): error C7525: inline variables require at least '/std:c++17'
c:\users\erico\files\engine\engine\mouseadapter.h(60): error C2864: 'MouseAdapter::_mouse': a static data member with an in-class initializer must have non-volatile const integral type or be specified as 'inline'
  c:\users\erico\files\engine\engine\mouseadapter.h(60): note: type is 'MouseEvent *'
  SDLGLWindow.cpp
c:\users\erico\files\engine\engine\awindow.h(17): warning C4244: 'argument': conversion from 'int' to 'float', possible loss of data
c:\users\erico\files\engine\engine\awindow.h(26): warning C4244: 'argument': conversion from 'int' to 'float', possible loss of data
c:\users\erico\files\engine\engine\sdlglwindow.cpp(8): warning C4101: 'windowEvent': unreferenced local variable
c:\users\erico\files\engine\engine\sdlglwindow.cpp(39): warning C4244: 'argument': conversion from 'int' to 'float', possible loss of data
  VectorMath.cpp
