c:\users\erico\files\engine\engine\debug\vc141.pdb
c:\users\erico\files\engine\engine\debug\vc141.idb
c:\users\erico\files\engine\engine\debug\sdlwindow.obj
c:\users\erico\files\engine\engine\debug\alisener.obj
c:\users\erico\files\engine\engine\debug\sdlglwindow.obj
c:\users\erico\files\engine\engine\debug\main.obj
c:\users\erico\files\engine\engine\debug\parameter.obj
c:\users\erico\files\engine\engine\debug\enginemain.obj
c:\users\erico\files\engine\engine\debug\debug.obj
c:\users\erico\files\engine\engine\debug\gltexture.obj
c:\users\erico\files\engine\engine\debug\filepathparser.obj
c:\users\erico\files\engine\engine\debug\file.obj
c:\users\erico\files\engine\engine\debug\materialmanager.obj
c:\users\erico\files\engine\engine\debug\material.obj
c:\users\erico\files\engine\engine\debug\camera.obj
c:\users\erico\files\engine\engine\debug\uniformparameter.obj
c:\users\erico\files\engine\engine\debug\modelloader.obj
c:\users\erico\files\engine\engine\debug\audioplayer.obj
c:\users\erico\files\engine\engine\debug\world1.obj
c:\users\erico\files\engine\engine\debug\audiomanager.obj
c:\users\erico\files\engine\engine\debug\librarymain.obj
c:\users\erico\files\engine\engine\debug\shadermanager.obj
c:\users\erico\files\engine\engine\debug\timer.obj
c:\users\erico\files\engine\engine\debug\model.obj
c:\users\erico\files\engine\engine\debug\mesh.obj
c:\users\erico\files\engine\engine\debug\atexture.obj
c:\users\erico\files\engine\engine\debug\texturemanager.obj
c:\users\erico\files\engine\engine\debug\lightsource.obj
c:\users\erico\files\engine\engine\debug\mouseeventlistener.obj
c:\users\erico\files\engine\engine\debug\eventlistener.obj
c:\users\erico\documents\files\engine\debug\engine.exe
c:\users\erico\documents\files\engine\debug\engine.ilk
c:\users\erico\documents\files\engine\debug\engine.pdb
c:\users\erico\files\engine\debug\engine.exe
c:\users\erico\files\engine\debug\engine.ilk
c:\users\erico\files\engine\debug\engine.pdb
c:\users\erico\files\engine\engine\debug\vc142.idb
c:\users\erico\files\engine\engine\debug\vc142.pdb
c:\users\erico\files\engine\engine\debug\engine.tlog\cl.command.1.tlog
c:\users\erico\files\engine\engine\debug\engine.tlog\cl.read.1.tlog
c:\users\erico\files\engine\engine\debug\engine.tlog\cl.write.1.tlog
c:\users\erico\files\engine\engine\debug\engine.tlog\link.command.1.tlog
c:\users\erico\files\engine\engine\debug\engine.tlog\link.read.1.tlog
c:\users\erico\files\engine\engine\debug\engine.tlog\link.write.1.tlog
